  [1m[35m (105.1ms)[0m  [1m[35mCREATE TABLE "schema_migrations" ("version" varchar NOT NULL PRIMARY KEY)[0m
  [1m[35m (126.1ms)[0m  [1m[35mCREATE TABLE "ar_internal_metadata" ("key" varchar NOT NULL PRIMARY KEY, "value" varchar, "created_at" datetime NOT NULL, "updated_at" datetime NOT NULL)[0m
  [1m[36mActiveRecord::SchemaMigration Load (0.5ms)[0m  [1m[34mSELECT "schema_migrations".* FROM "schema_migrations"[0m
Migrating to CreateTodos (20170418204045)
  [1m[35m (0.0ms)[0m  [1m[36mbegin transaction[0m
  [1m[35m (0.0ms)[0m  [1m[31mrollback transaction[0m
  [1m[36mActiveRecord::SchemaMigration Load (0.5ms)[0m  [1m[34mSELECT "schema_migrations".* FROM "schema_migrations"[0m
Migrating to CreateTodos (20170418205326)
  [1m[35m (0.0ms)[0m  [1m[36mbegin transaction[0m
  [1m[35m (3.0ms)[0m  [1m[35mCREATE TABLE "todos" ("id" INTEGER PRIMARY KEY AUTOINCREMENT NOT NULL, "title" varchar, "created_by" varchar, "created_at" datetime NOT NULL, "updated_at" datetime NOT NULL)[0m
  [1m[35mSQL (0.5ms)[0m  [1m[32mINSERT INTO "schema_migrations" ("version") VALUES (?)[0m  [["version", "20170418205326"]]
  [1m[35m (114.8ms)[0m  [1m[36mcommit transaction[0m
Migrating to CreateItems (20170418205354)
  [1m[35m (0.5ms)[0m  [1m[36mbegin transaction[0m
  [1m[35m (3.0ms)[0m  [1m[35mCREATE TABLE "items" ("id" INTEGER PRIMARY KEY AUTOINCREMENT NOT NULL, "name" varchar, "done" boolean, "todo_id" integer, "created_at" datetime NOT NULL, "updated_at" datetime NOT NULL)[0m
  [1m[35m (0.0ms)[0m  [1m[34mselect sqlite_version(*)[0m
  [1m[35m (0.0ms)[0m  [1m[35mCREATE  INDEX "index_items_on_todo_id" ON "items" ("todo_id")[0m
  [1m[35mSQL (0.5ms)[0m  [1m[32mINSERT INTO "schema_migrations" ("version") VALUES (?)[0m  [["version", "20170418205354"]]
  [1m[35m (117.1ms)[0m  [1m[36mcommit transaction[0m
  [1m[36mActiveRecord::InternalMetadata Load (1.0ms)[0m  [1m[34mSELECT  "ar_internal_metadata".* FROM "ar_internal_metadata" WHERE "ar_internal_metadata"."key" = ? LIMIT ?[0m  [["key", :environment], ["LIMIT", 1]]
  [1m[35m (0.0ms)[0m  [1m[36mbegin transaction[0m
  [1m[35mSQL (2.5ms)[0m  [1m[32mINSERT INTO "ar_internal_metadata" ("key", "value", "created_at", "updated_at") VALUES (?, ?, ?, ?)[0m  [["key", "environment"], ["value", "development"], ["created_at", 2017-04-18 20:54:24 UTC], ["updated_at", 2017-04-18 20:54:24 UTC]]
  [1m[35m (112.6ms)[0m  [1m[36mcommit transaction[0m
  [1m[36mActiveRecord::SchemaMigration Load (0.5ms)[0m  [1m[34mSELECT "schema_migrations".* FROM "schema_migrations"[0m
  [1m[35m (0.5ms)[0m  [1m[34m            SELECT sql
            FROM sqlite_master
            WHERE name='index_items_on_todo_id' AND type='index'
            UNION ALL
            SELECT sql
            FROM sqlite_temp_master
            WHERE name='index_items_on_todo_id' AND type='index'
[0m
  [1m[36mActiveRecord::SchemaMigration Load (0.5ms)[0m  [1m[34mSELECT "schema_migrations".* FROM "schema_migrations"[0m
  [1m[36mActiveRecord::InternalMetadata Load (1.0ms)[0m  [1m[34mSELECT  "ar_internal_metadata".* FROM "ar_internal_metadata" WHERE "ar_internal_metadata"."key" = ? LIMIT ?[0m  [["key", :environment], ["LIMIT", 1]]
  [1m[35m (0.5ms)[0m  [1m[36mbegin transaction[0m
  [1m[35m (0.0ms)[0m  [1m[36mcommit transaction[0m
  [1m[36mActiveRecord::SchemaMigration Load (0.5ms)[0m  [1m[34mSELECT "schema_migrations".* FROM "schema_migrations"[0m
  [1m[35m (0.5ms)[0m  [1m[34m            SELECT sql
            FROM sqlite_master
            WHERE name='index_items_on_todo_id' AND type='index'
            UNION ALL
            SELECT sql
            FROM sqlite_temp_master
            WHERE name='index_items_on_todo_id' AND type='index'
[0m
Started GET "/todos" for ::1 at 2017-04-19 13:45:03 -0700
  [1m[36mActiveRecord::SchemaMigration Load (15.6ms)[0m  [1m[34mSELECT "schema_migrations".* FROM "schema_migrations"[0m
Processing by TodosController#index as */*
  [1m[36mTodo Load (0.0ms)[0m  [1m[34mSELECT "todos".* FROM "todos"[0m
Completed 200 OK in 31ms (Views: 4.5ms | ActiveRecord: 0.0ms)


Started POST "/todos" for ::1 at 2017-04-20 11:43:13 -0700
Processing by TodosController#create as */*
  Parameters: {"title"=>"new", "key"=>"1234"}
Unpermitted parameter: key
  [1m[35m (0.0ms)[0m  [1m[36mbegin transaction[0m
  [1m[35m (0.0ms)[0m  [1m[31mrollback transaction[0m
Completed 422 Unprocessable Entity in 194ms (Views: 3.8ms | ActiveRecord: 15.6ms)


Started POST "/todos/" for ::1 at 2017-04-20 11:44:11 -0700
Processing by TodosController#create as */*
  Parameters: {"title"=>"new", "key"=>"1234"}
Unpermitted parameter: key
  [1m[35m (0.0ms)[0m  [1m[36mbegin transaction[0m
  [1m[35m (0.0ms)[0m  [1m[31mrollback transaction[0m
Completed 422 Unprocessable Entity in 8ms (Views: 0.3ms | ActiveRecord: 0.0ms)


Started POST "/todos/1" for ::1 at 2017-04-20 12:31:14 -0700
  
ActionController::RoutingError (No route matches [POST] "/todos/1"):
  
actionpack (5.0.2) lib/action_dispatch/middleware/debug_exceptions.rb:53:in `call'
actionpack (5.0.2) lib/action_dispatch/middleware/show_exceptions.rb:31:in `call'
railties (5.0.2) lib/rails/rack/logger.rb:36:in `call_app'
railties (5.0.2) lib/rails/rack/logger.rb:24:in `block in call'
activesupport (5.0.2) lib/active_support/tagged_logging.rb:69:in `block in tagged'
activesupport (5.0.2) lib/active_support/tagged_logging.rb:26:in `tagged'
activesupport (5.0.2) lib/active_support/tagged_logging.rb:69:in `tagged'
railties (5.0.2) lib/rails/rack/logger.rb:24:in `call'
actionpack (5.0.2) lib/action_dispatch/middleware/request_id.rb:24:in `call'
rack (2.0.1) lib/rack/runtime.rb:22:in `call'
activesupport (5.0.2) lib/active_support/cache/strategy/local_cache_middleware.rb:28:in `call'
actionpack (5.0.2) lib/action_dispatch/middleware/executor.rb:12:in `call'
actionpack (5.0.2) lib/action_dispatch/middleware/static.rb:136:in `call'
rack (2.0.1) lib/rack/sendfile.rb:111:in `call'
railties (5.0.2) lib/rails/engine.rb:522:in `call'
puma (3.8.2) lib/puma/configuration.rb:224:in `call'
puma (3.8.2) lib/puma/server.rb:600:in `handle_request'
puma (3.8.2) lib/puma/server.rb:435:in `process_client'
puma (3.8.2) lib/puma/server.rb:299:in `block in run'
puma (3.8.2) lib/puma/thread_pool.rb:120:in `block in spawn_thread'
Started POST "/todos/" for ::1 at 2017-04-20 12:31:37 -0700
Processing by TodosController#create as */*
  Parameters: {"title"=>"new", "key"=>"1234"}
Unpermitted parameter: key
  [1m[35m (159.5ms)[0m  [1m[36mbegin transaction[0m
  [1m[35m (12.1ms)[0m  [1m[31mrollback transaction[0m
Completed 422 Unprocessable Entity in 308ms (Views: 27.2ms | ActiveRecord: 171.6ms)


Started GET "/todos" for ::1 at 2017-04-20 12:31:45 -0700
Processing by TodosController#index as */*
  [1m[36mTodo Load (12.6ms)[0m  [1m[34mSELECT "todos".* FROM "todos"[0m
Completed 200 OK in 183ms (Views: 109.1ms | ActiveRecord: 12.6ms)


Started POST "/todos" for ::1 at 2017-04-20 12:32:22 -0700
Processing by TodosController#create as */*
  Parameters: {"title"=>"new", "created_by"=>"1234"}
  [1m[35m (0.0ms)[0m  [1m[36mbegin transaction[0m
  [1m[35mSQL (17.1ms)[0m  [1m[32mINSERT INTO "todos" ("title", "created_by", "created_at", "updated_at") VALUES (?, ?, ?, ?)[0m  [["title", "new"], ["created_by", "1234"], ["created_at", 2017-04-20 19:32:22 UTC], ["updated_at", 2017-04-20 19:32:22 UTC]]
  [1m[35m (168.9ms)[0m  [1m[36mcommit transaction[0m
Completed 201 Created in 490ms (Views: 5.1ms | ActiveRecord: 186.0ms)


Started GET "/todos" for ::1 at 2017-04-20 12:32:33 -0700
Processing by TodosController#index as */*
  [1m[36mTodo Load (0.5ms)[0m  [1m[34mSELECT "todos".* FROM "todos"[0m
Completed 200 OK in 49ms (Views: 47.6ms | ActiveRecord: 0.5ms)


Started GET "/todos" for ::1 at 2017-04-20 12:33:02 -0700
Processing by TodosController#index as */*
  [1m[36mTodo Load (1.0ms)[0m  [1m[34mSELECT "todos".* FROM "todos"[0m
Completed 200 OK in 5ms (Views: 3.3ms | ActiveRecord: 1.0ms)


